<?xml version="1.0" encoding="UTF-8"?>
<testng-results ignored="0" total="1" passed="1" failed="0" skipped="0">
  <reporter-output>
  </reporter-output>
  <suite started-at="2021-12-03T13:17:06Z" name="Suite" finished-at="2021-12-03T13:17:15Z" duration-ms="9261">
    <groups>
    </groups>
    <test started-at="2021-12-03T13:17:06Z" name="Test" finished-at="2021-12-03T13:17:15Z" duration-ms="9261">
      <class name="testng.LoginTest">
        <test-method signature="test1()[pri:0, instance:testng.LoginTest@421e361]" started-at="2021-12-03T13:17:06Z" name="test1" finished-at="2021-12-03T13:17:15Z" duration-ms="9236" status="PASS">
          <reporter-output>
          </reporter-output>
        </test-method> <!-- test1 -->
      </class> <!-- testng.LoginTest -->
    </test> <!-- Test -->
  </suite> <!-- Suite -->
</testng-results>
