<?xml version="1.0" encoding="UTF-8"?>
<testng-results ignored="0" total="1" passed="1" failed="0" skipped="0">
  <reporter-output>
  </reporter-output>
  <suite started-at="2021-12-03T02:26:10Z" name="Suite" finished-at="2021-12-03T02:26:20Z" duration-ms="9925">
    <groups>
    </groups>
    <test started-at="2021-12-03T02:26:10Z" name="Test" finished-at="2021-12-03T02:26:20Z" duration-ms="9925">
      <class name="testng.LoginTest">
        <test-method signature="test1()[pri:0, instance:testng.LoginTest@52e7a6b2]" started-at="2021-12-03T02:26:10Z" name="test1" finished-at="2021-12-03T02:26:20Z" duration-ms="9891" status="PASS">
          <reporter-output>
          </reporter-output>
        </test-method> <!-- test1 -->
      </class> <!-- testng.LoginTest -->
    </test> <!-- Test -->
  </suite> <!-- Suite -->
</testng-results>
