<?xml version="1.0" encoding="UTF-8"?>
<testng-results ignored="0" total="2" passed="2" failed="0" skipped="0">
  <reporter-output>
  </reporter-output>
  <suite started-at="2021-12-04T00:37:55Z" name="Suite" finished-at="2021-12-04T00:38:12Z" duration-ms="17085">
    <groups>
    </groups>
    <test started-at="2021-12-04T00:37:55Z" name="Test" finished-at="2021-12-04T00:38:12Z" duration-ms="17085">
      <class name="grid.GridTest">
        <test-method signature="test1()[pri:0, instance:grid.GridTest@2d9caaeb]" started-at="2021-12-04T00:37:55Z" name="test1" finished-at="2021-12-04T00:38:05Z" duration-ms="9637" status="PASS">
          <reporter-output>
          </reporter-output>
        </test-method> <!-- test1 -->
        <test-method signature="test2()[pri:0, instance:grid.GridTest@2d9caaeb]" started-at="2021-12-04T00:37:55Z" name="test2" finished-at="2021-12-04T00:38:12Z" duration-ms="17035" status="PASS">
          <reporter-output>
          </reporter-output>
        </test-method> <!-- test2 -->
      </class> <!-- grid.GridTest -->
    </test> <!-- Test -->
  </suite> <!-- Suite -->
</testng-results>
